0 verbose cli C:\Program Files\nodejs\node.exe C:\Program Files\nodejs\node_modules\npm\bin\npm-cli.js
1 info using npm@11.9.0
2 info using node@v24.14.0
3 silly config load:file:C:\Program Files\nodejs\node_modules\npm\npmrc
4 silly config load:file:C:\Users\Alistair\Documents\VSCode\chess\.npmrc
5 silly config load:file:C:\Users\Alistair\.npmrc
6 silly config load:file:C:\Users\Alistair\AppData\Roaming\npm\etc\npmrc
7 verbose title npm install express socket.io
8 verbose argv "install" "express" "socket.io"
9 verbose logfile logs-max:10 dir:C:\Users\Alistair\Documents\VSCode\chess\npm-cache\_logs\2026-04-25T19_57_25_357Z-
10 verbose logfile C:\Users\Alistair\Documents\VSCode\chess\npm-cache\_logs\2026-04-25T19_57_25_357Z-debug-0.log
11 silly logfile done cleaning log files
12 silly packumentCache heap:4496293888 maxSize:1124073472 maxEntrySize:562036736
13 silly idealTree buildDeps
14 silly fetch manifest express@*
15 silly packumentCache full:https://registry.npmjs.org/express cache-miss
16 http fetch GET 200 https://registry.npmjs.org/npm 138ms
17 http fetch GET 200 https://registry.npmjs.org/express 132ms (cache miss)
18 silly packumentCache full:https://registry.npmjs.org/express set size:undefined disposed:false
19 silly fetch manifest socket.io@*
20 silly packumentCache full:https://registry.npmjs.org/socket.io cache-miss
21 http fetch GET 200 https://registry.npmjs.org/socket.io 38ms (cache miss)
22 silly packumentCache full:https://registry.npmjs.org/socket.io set size:undefined disposed:false
23 silly placeDep ROOT express@5.2.1 OK for: chess@1.0.0 want: *
24 silly placeDep ROOT socket.io@4.8.3 OK for: chess@1.0.0 want: *
25 silly fetch manifest qs@^6.14.0
26 silly packumentCache full:https://registry.npmjs.org/qs cache-miss
27 silly fetch manifest depd@^2.0.0
28 silly packumentCache full:https://registry.npmjs.org/depd cache-miss
29 silly fetch manifest etag@^1.8.1
30 silly packumentCache full:https://registry.npmjs.org/etag cache-miss
31 silly fetch manifest once@^1.4.0
32 silly packumentCache full:https://registry.npmjs.org/once cache-miss
33 silly fetch manifest send@^1.1.0
34 silly packumentCache full:https://registry.npmjs.org/send cache-miss
35 silly fetch manifest vary@^1.1.2
36 silly packumentCache full:https://registry.npmjs.org/vary cache-miss
37 silly fetch manifest debug@^4.4.0
38 silly packumentCache full:https://registry.npmjs.org/debug cache-miss
39 silly fetch manifest fresh@^2.0.0
40 silly packumentCache full:https://registry.npmjs.org/fresh cache-miss
41 silly fetch manifest cookie@^0.7.1
42 silly packumentCache full:https://registry.npmjs.org/cookie cache-miss
43 silly fetch manifest router@^2.2.0
44 silly packumentCache full:https://registry.npmjs.org/router cache-miss
45 silly fetch manifest accepts@^2.0.0
46 silly packumentCache full:https://registry.npmjs.org/accepts cache-miss
47 silly fetch manifest type-is@^2.0.1
48 silly packumentCache full:https://registry.npmjs.org/type-is cache-miss
49 silly fetch manifest parseurl@^1.3.3
50 silly packumentCache full:https://registry.npmjs.org/parseurl cache-miss
51 silly fetch manifest statuses@^2.0.1
52 silly packumentCache full:https://registry.npmjs.org/statuses cache-miss
53 silly fetch manifest encodeurl@^2.0.0
54 silly packumentCache full:https://registry.npmjs.org/encodeurl cache-miss
55 http fetch GET 200 https://registry.npmjs.org/depd 70ms (cache miss)
56 silly packumentCache full:https://registry.npmjs.org/depd set size:undefined disposed:false
57 silly fetch manifest mime-types@^3.0.0
58 silly packumentCache full:https://registry.npmjs.org/mime-types cache-miss
59 http fetch GET 200 https://registry.npmjs.org/qs 84ms (cache miss)
60 silly packumentCache full:https://registry.npmjs.org/qs set size:undefined disposed:false
61 silly fetch manifest proxy-addr@^2.0.7
62 silly packumentCache full:https://registry.npmjs.org/proxy-addr cache-miss
63 http fetch GET 200 https://registry.npmjs.org/etag 108ms (cache miss)
64 silly packumentCache full:https://registry.npmjs.org/etag set size:undefined disposed:false
65 silly fetch manifest body-parser@^2.2.1
66 silly packumentCache full:https://registry.npmjs.org/body-parser cache-miss
67 http fetch GET 200 https://registry.npmjs.org/once 122ms (cache miss)
68 silly packumentCache full:https://registry.npmjs.org/once set size:undefined disposed:false
69 silly fetch manifest escape-html@^1.0.3
70 silly packumentCache full:https://registry.npmjs.org/escape-html cache-miss
71 http fetch GET 200 https://registry.npmjs.org/fresh 135ms (cache miss)
72 silly packumentCache full:https://registry.npmjs.org/fresh set size:undefined disposed:false
73 silly fetch manifest http-errors@^2.0.0
74 silly packumentCache full:https://registry.npmjs.org/http-errors cache-miss
75 http fetch GET 200 https://registry.npmjs.org/encodeurl 150ms (cache miss)
76 silly packumentCache full:https://registry.npmjs.org/encodeurl set size:undefined disposed:false
77 silly fetch manifest on-finished@^2.4.1
78 silly packumentCache full:https://registry.npmjs.org/on-finished cache-miss
79 http fetch GET 200 https://registry.npmjs.org/vary 154ms (cache miss)
80 silly packumentCache full:https://registry.npmjs.org/vary set size:undefined disposed:false
81 silly fetch manifest content-type@^1.0.5
82 silly packumentCache full:https://registry.npmjs.org/content-type cache-miss
83 http fetch GET 200 https://registry.npmjs.org/parseurl 153ms (cache miss)
84 silly packumentCache full:https://registry.npmjs.org/parseurl set size:undefined disposed:false
85 silly fetch manifest finalhandler@^2.1.0
86 silly packumentCache full:https://registry.npmjs.org/finalhandler cache-miss
87 http fetch GET 200 https://registry.npmjs.org/accepts 168ms (cache miss)
88 silly packumentCache full:https://registry.npmjs.org/accepts set size:undefined disposed:false
89 silly fetch manifest range-parser@^1.2.1
90 silly packumentCache full:https://registry.npmjs.org/range-parser cache-miss
91 http fetch GET 200 https://registry.npmjs.org/type-is 173ms (cache miss)
92 silly packumentCache full:https://registry.npmjs.org/type-is set size:undefined disposed:false
93 silly fetch manifest serve-static@^2.2.0
94 silly packumentCache full:https://registry.npmjs.org/serve-static cache-miss
95 http fetch GET 200 https://registry.npmjs.org/mime-types 108ms (cache miss)
96 silly packumentCache full:https://registry.npmjs.org/mime-types set size:undefined disposed:false
97 silly fetch manifest cookie-signature@^1.2.1
98 silly packumentCache full:https://registry.npmjs.org/cookie-signature cache-miss
99 http fetch GET 200 https://registry.npmjs.org/cookie 185ms (cache miss)
100 silly packumentCache full:https://registry.npmjs.org/cookie set size:undefined disposed:false
101 silly fetch manifest merge-descriptors@^2.0.0
102 silly packumentCache full:https://registry.npmjs.org/merge-descriptors cache-miss
103 http fetch GET 200 https://registry.npmjs.org/send 194ms (cache miss)
104 silly packumentCache full:https://registry.npmjs.org/send set size:undefined disposed:false
105 silly fetch manifest content-disposition@^1.0.0
106 silly packumentCache full:https://registry.npmjs.org/content-disposition cache-miss
107 http fetch GET 200 https://registry.npmjs.org/statuses 200ms (cache miss)
108 silly packumentCache full:https://registry.npmjs.org/statuses set size:undefined disposed:false
109 silly fetch manifest accepts@~1.3.4
110 silly packumentCache full:https://registry.npmjs.org/accepts cache-miss
111 http fetch GET 200 https://registry.npmjs.org/proxy-addr 120ms (cache miss)
112 silly packumentCache full:https://registry.npmjs.org/proxy-addr set size:undefined disposed:false
113 silly fetch manifest base64id@~2.0.0
114 silly packumentCache full:https://registry.npmjs.org/base64id cache-miss
115 http fetch GET 200 https://registry.npmjs.org/router 213ms (cache miss)
116 silly packumentCache full:https://registry.npmjs.org/router set size:undefined disposed:false
117 silly fetch manifest cors@~2.8.5
118 silly packumentCache full:https://registry.npmjs.org/cors cache-miss
119 http fetch GET 200 https://registry.npmjs.org/escape-html 97ms (cache miss)
120 silly packumentCache full:https://registry.npmjs.org/escape-html set size:undefined disposed:false
121 silly fetch manifest debug@~4.4.1
122 silly packumentCache full:https://registry.npmjs.org/debug cache-miss
123 http fetch GET 200 https://registry.npmjs.org/on-finished 78ms (cache miss)
124 silly packumentCache full:https://registry.npmjs.org/on-finished set size:undefined disposed:false
125 silly fetch manifest engine.io@~6.6.0
126 silly packumentCache full:https://registry.npmjs.org/engine.io cache-miss
127 http fetch GET 200 https://registry.npmjs.org/content-type 81ms (cache miss)
128 silly packumentCache full:https://registry.npmjs.org/content-type set size:undefined disposed:false
129 silly fetch manifest socket.io-adapter@~2.5.2
130 silly packumentCache full:https://registry.npmjs.org/socket.io-adapter cache-miss
131 http fetch GET 200 https://registry.npmjs.org/http-errors 102ms (cache miss)
132 silly packumentCache full:https://registry.npmjs.org/http-errors set size:undefined disposed:false
133 silly fetch manifest socket.io-parser@~4.2.4
134 silly packumentCache full:https://registry.npmjs.org/socket.io-parser cache-miss
135 http fetch GET 200 https://registry.npmjs.org/debug 242ms (cache miss)
136 silly packumentCache full:https://registry.npmjs.org/debug set size:undefined disposed:false
137 http cache https://registry.npmjs.org/accepts 41ms (cache hit)
138 silly packumentCache full:https://registry.npmjs.org/accepts set size:77054 disposed:false
139 http fetch GET 200 https://registry.npmjs.org/range-parser 77ms (cache miss)
140 silly packumentCache full:https://registry.npmjs.org/range-parser set size:undefined disposed:false
141 http fetch GET 200 https://registry.npmjs.org/body-parser 144ms (cache miss)
142 silly packumentCache full:https://registry.npmjs.org/body-parser set size:undefined disposed:false
143 http fetch GET 200 https://registry.npmjs.org/finalhandler 98ms (cache miss)
144 silly packumentCache full:https://registry.npmjs.org/finalhandler set size:undefined disposed:false
145 http fetch GET 200 https://registry.npmjs.org/cookie-signature 77ms (cache miss)
146 silly packumentCache full:https://registry.npmjs.org/cookie-signature set size:undefined disposed:false
147 http fetch GET 200 https://registry.npmjs.org/merge-descriptors 76ms (cache miss)
148 silly packumentCache full:https://registry.npmjs.org/merge-descriptors set size:undefined disposed:false
149 http fetch GET 200 https://registry.npmjs.org/content-disposition 70ms (cache miss)
150 silly packumentCache full:https://registry.npmjs.org/content-disposition set size:undefined disposed:false
151 http fetch GET 200 https://registry.npmjs.org/serve-static 92ms (cache miss)
152 silly packumentCache full:https://registry.npmjs.org/serve-static set size:undefined disposed:false
153 http fetch GET 200 https://registry.npmjs.org/base64id 69ms (cache miss)
154 silly packumentCache full:https://registry.npmjs.org/base64id set size:undefined disposed:false
155 http fetch GET 200 https://registry.npmjs.org/cors 63ms (cache miss)
156 silly packumentCache full:https://registry.npmjs.org/cors set size:undefined disposed:false
157 http fetch GET 200 https://registry.npmjs.org/socket.io-adapter 47ms (cache miss)
158 silly packumentCache full:https://registry.npmjs.org/socket.io-adapter set size:undefined disposed:false
159 http fetch GET 200 https://registry.npmjs.org/debug 64ms (cache miss)
160 silly packumentCache full:https://registry.npmjs.org/debug set size:undefined disposed:false
161 http fetch GET 200 https://registry.npmjs.org/socket.io-parser 52ms (cache miss)
162 silly packumentCache full:https://registry.npmjs.org/socket.io-parser set size:undefined disposed:false
163 http fetch GET 200 https://registry.npmjs.org/engine.io 63ms (cache miss)
164 silly packumentCache full:https://registry.npmjs.org/engine.io set size:undefined disposed:false
165 silly placeDep ROOT accepts@2.0.0 OK for: express@5.2.1 want: ^2.0.0
166 silly placeDep ROOT body-parser@2.2.2 OK for: express@5.2.1 want: ^2.2.1
167 silly placeDep ROOT content-disposition@1.1.0 OK for: express@5.2.1 want: ^1.0.0
168 silly placeDep ROOT content-type@1.0.5 OK for: express@5.2.1 want: ^1.0.5
169 silly placeDep ROOT cookie@0.7.2 OK for: express@5.2.1 want: ^0.7.1
170 silly placeDep ROOT cookie-signature@1.2.2 OK for: express@5.2.1 want: ^1.2.1
171 silly placeDep ROOT debug@4.4.3 OK for: express@5.2.1 want: ^4.4.0
172 silly placeDep ROOT depd@2.0.0 OK for: express@5.2.1 want: ^2.0.0
173 silly placeDep ROOT encodeurl@2.0.0 OK for: express@5.2.1 want: ^2.0.0
174 silly placeDep ROOT escape-html@1.0.3 OK for: express@5.2.1 want: ^1.0.3
175 silly placeDep ROOT etag@1.8.1 OK for: express@5.2.1 want: ^1.8.1
176 silly placeDep ROOT finalhandler@2.1.1 OK for: express@5.2.1 want: ^2.1.0
177 silly placeDep ROOT fresh@2.0.0 OK for: express@5.2.1 want: ^2.0.0
178 silly placeDep ROOT http-errors@2.0.1 OK for: express@5.2.1 want: ^2.0.0
179 silly placeDep ROOT merge-descriptors@2.0.0 OK for: express@5.2.1 want: ^2.0.0
180 silly placeDep ROOT mime-types@3.0.2 OK for: express@5.2.1 want: ^3.0.0
181 silly placeDep ROOT on-finished@2.4.1 OK for: express@5.2.1 want: ^2.4.1
182 silly placeDep ROOT once@1.4.0 OK for: express@5.2.1 want: ^1.4.0
183 silly placeDep ROOT parseurl@1.3.3 OK for: express@5.2.1 want: ^1.3.3
184 silly placeDep ROOT proxy-addr@2.0.7 OK for: express@5.2.1 want: ^2.0.7
185 silly placeDep ROOT qs@6.15.1 OK for: express@5.2.1 want: ^6.14.0
186 silly placeDep ROOT range-parser@1.2.1 OK for: express@5.2.1 want: ^1.2.1
187 silly placeDep ROOT router@2.2.0 OK for: express@5.2.1 want: ^2.2.0
188 silly placeDep ROOT send@1.2.1 OK for: express@5.2.1 want: ^1.1.0
189 silly placeDep ROOT serve-static@2.2.1 OK for: express@5.2.1 want: ^2.2.0
190 silly placeDep ROOT statuses@2.0.2 OK for: express@5.2.1 want: ^2.0.1
191 silly placeDep ROOT type-is@2.0.1 OK for: express@5.2.1 want: ^2.0.1
192 silly placeDep ROOT vary@1.1.2 OK for: express@5.2.1 want: ^1.1.2
193 silly fetch manifest negotiator@^1.0.0
194 silly packumentCache full:https://registry.npmjs.org/negotiator cache-miss
195 silly fetch manifest qs@^6.14.1
196 silly packumentCache full:https://registry.npmjs.org/qs cache-miss
197 silly fetch manifest bytes@^3.1.2
198 silly packumentCache full:https://registry.npmjs.org/bytes cache-miss
199 silly fetch manifest debug@^4.4.3
200 silly packumentCache full:https://registry.npmjs.org/debug cache-miss
201 silly fetch manifest raw-body@^3.0.1
202 silly packumentCache full:https://registry.npmjs.org/raw-body cache-miss
203 silly fetch manifest iconv-lite@^0.7.0
204 silly packumentCache full:https://registry.npmjs.org/iconv-lite cache-miss
205 silly fetch manifest ms@^2.1.3
206 silly packumentCache full:https://registry.npmjs.org/ms cache-miss
207 silly fetch manifest inherits@~2.0.4
208 silly packumentCache full:https://registry.npmjs.org/inherits cache-miss
209 silly fetch manifest setprototypeof@~1.2.0
210 silly packumentCache full:https://registry.npmjs.org/setprototypeof cache-miss
211 silly fetch manifest statuses@~2.0.2
212 silly packumentCache full:https://registry.npmjs.org/statuses cache-miss
213 silly fetch manifest toidentifier@~1.0.1
214 silly packumentCache full:https://registry.npmjs.org/toidentifier cache-miss
215 silly fetch manifest mime-db@^1.54.0
216 silly packumentCache full:https://registry.npmjs.org/mime-db cache-miss
217 silly fetch manifest ee-first@1.1.1
218 silly packumentCache full:https://registry.npmjs.org/ee-first cache-miss
219 silly fetch manifest wrappy@1
220 silly packumentCache full:https://registry.npmjs.org/wrappy cache-miss
221 silly fetch manifest forwarded@0.2.0
222 silly packumentCache full:https://registry.npmjs.org/forwarded cache-miss
223 http cache https://registry.npmjs.org/debug 19ms (cache hit)
224 silly packumentCache full:https://registry.npmjs.org/debug set size:195840 disposed:false
225 silly fetch manifest ipaddr.js@1.9.1
226 silly packumentCache full:https://registry.npmjs.org/ipaddr.js cache-miss
227 http cache https://registry.npmjs.org/qs 24ms (cache hit)
228 silly packumentCache full:https://registry.npmjs.org/qs set size:353582 disposed:false
229 silly fetch manifest side-channel@^1.1.0
230 silly packumentCache full:https://registry.npmjs.org/side-channel cache-miss
231 http cache https://registry.npmjs.org/statuses 23ms (cache hit)
232 silly packumentCache full:https://registry.npmjs.org/statuses set size:37117 disposed:false
233 silly fetch manifest is-promise@^4.0.0
234 silly packumentCache full:https://registry.npmjs.org/is-promise cache-miss
235 http fetch GET 200 https://registry.npmjs.org/inherits 53ms (cache miss)
236 silly packumentCache full:https://registry.npmjs.org/inherits set size:undefined disposed:false
237 silly fetch manifest path-to-regexp@^8.0.0
238 silly packumentCache full:https://registry.npmjs.org/path-to-regexp cache-miss
239 http fetch GET 200 https://registry.npmjs.org/wrappy 59ms (cache miss)
240 silly packumentCache full:https://registry.npmjs.org/wrappy set size:undefined disposed:false
241 silly fetch manifest ms@^2.1.3
242 silly packumentCache full:https://registry.npmjs.org/ms cache-miss
243 http fetch GET 200 https://registry.npmjs.org/setprototypeof 68ms (cache miss)
244 silly packumentCache full:https://registry.npmjs.org/setprototypeof set size:undefined disposed:false
245 silly fetch manifest statuses@^2.0.2
246 silly packumentCache full:https://registry.npmjs.org/statuses cache-hit
247 silly fetch manifest media-typer@^1.1.0
248 silly packumentCache full:https://registry.npmjs.org/media-typer cache-miss
249 http fetch GET 200 https://registry.npmjs.org/forwarded 70ms (cache miss)
250 silly packumentCache full:https://registry.npmjs.org/forwarded set size:undefined disposed:false
251 http fetch GET 200 https://registry.npmjs.org/negotiator 79ms (cache miss)
252 silly packumentCache full:https://registry.npmjs.org/negotiator set size:undefined disposed:false
253 http fetch GET 200 https://registry.npmjs.org/toidentifier 75ms (cache miss)
254 silly packumentCache full:https://registry.npmjs.org/toidentifier set size:undefined disposed:false
255 http fetch GET 200 https://registry.npmjs.org/bytes 80ms (cache miss)
256 silly packumentCache full:https://registry.npmjs.org/bytes set size:undefined disposed:false
257 http fetch GET 200 https://registry.npmjs.org/ee-first 75ms (cache miss)
258 silly packumentCache full:https://registry.npmjs.org/ee-first set size:undefined disposed:false
259 http fetch GET 200 https://registry.npmjs.org/ipaddr.js 60ms (cache miss)
260 silly packumentCache full:https://registry.npmjs.org/ipaddr.js set size:undefined disposed:false
261 http fetch GET 200 https://registry.npmjs.org/side-channel 58ms (cache miss)
262 silly packumentCache full:https://registry.npmjs.org/side-channel set size:undefined disposed:false
263 http fetch GET 200 https://registry.npmjs.org/mime-db 81ms (cache miss)
264 silly packumentCache full:https://registry.npmjs.org/mime-db set size:undefined disposed:false
265 http fetch GET 200 https://registry.npmjs.org/ms 87ms (cache miss)
266 silly packumentCache full:https://registry.npmjs.org/ms set size:undefined disposed:false
267 http fetch GET 200 https://registry.npmjs.org/is-promise 63ms (cache miss)
268 silly packumentCache full:https://registry.npmjs.org/is-promise set size:undefined disposed:false
269 http fetch GET 200 https://registry.npmjs.org/iconv-lite 91ms (cache miss)
270 silly packumentCache full:https://registry.npmjs.org/iconv-lite set size:undefined disposed:false
271 http fetch GET 200 https://registry.npmjs.org/raw-body 102ms (cache miss)
272 silly packumentCache full:https://registry.npmjs.org/raw-body set size:undefined disposed:false
273 http fetch GET 200 https://registry.npmjs.org/ms 47ms (cache miss)
274 silly packumentCache full:https://registry.npmjs.org/ms set size:undefined disposed:false
275 http fetch GET 200 https://registry.npmjs.org/path-to-regexp 63ms (cache miss)
276 silly packumentCache full:https://registry.npmjs.org/path-to-regexp set size:undefined disposed:false
277 http fetch GET 200 https://registry.npmjs.org/media-typer 48ms (cache miss)
278 silly packumentCache full:https://registry.npmjs.org/media-typer set size:undefined disposed:false
279 silly placeDep ROOT negotiator@1.0.0 OK for: accepts@2.0.0 want: ^1.0.0
280 silly placeDep ROOT bytes@3.1.2 OK for: body-parser@2.2.2 want: ^3.1.2
281 silly placeDep ROOT iconv-lite@0.7.2 OK for: body-parser@2.2.2 want: ^0.7.0
282 silly placeDep ROOT raw-body@3.0.2 OK for: body-parser@2.2.2 want: ^3.0.1
283 silly fetch manifest safer-buffer@>= 2.1.2 < 3.0.0
284 silly packumentCache full:https://registry.npmjs.org/safer-buffer cache-miss
285 silly fetch manifest unpipe@~1.0.0
286 silly packumentCache full:https://registry.npmjs.org/unpipe cache-miss
287 http fetch GET 200 https://registry.npmjs.org/unpipe 31ms (cache miss)
288 silly packumentCache full:https://registry.npmjs.org/unpipe set size:undefined disposed:false
289 http fetch GET 200 https://registry.npmjs.org/safer-buffer 36ms (cache miss)
290 silly packumentCache full:https://registry.npmjs.org/safer-buffer set size:undefined disposed:false
291 silly placeDep ROOT ms@2.1.3 OK for: debug@4.4.3 want: ^2.1.3
292 silly placeDep ROOT inherits@2.0.4 OK for: http-errors@2.0.1 want: ~2.0.4
293 silly placeDep ROOT setprototypeof@1.2.0 OK for: http-errors@2.0.1 want: ~1.2.0
294 silly placeDep ROOT toidentifier@1.0.1 OK for: http-errors@2.0.1 want: ~1.0.1
295 silly placeDep ROOT safer-buffer@2.1.2 OK for: iconv-lite@0.7.2 want: >= 2.1.2 < 3.0.0
296 silly placeDep ROOT mime-db@1.54.0 OK for: mime-types@3.0.2 want: ^1.54.0
297 silly placeDep ROOT ee-first@1.1.1 OK for: on-finished@2.4.1 want: 1.1.1
298 silly placeDep ROOT wrappy@1.0.2 OK for: once@1.4.0 want: 1
299 silly placeDep ROOT forwarded@0.2.0 OK for: proxy-addr@2.0.7 want: 0.2.0
300 silly placeDep ROOT ipaddr.js@1.9.1 OK for: proxy-addr@2.0.7 want: 1.9.1
301 silly placeDep ROOT side-channel@1.1.0 OK for: qs@6.15.1 want: ^1.1.0
302 silly fetch manifest es-errors@^1.3.0
303 silly packumentCache full:https://registry.npmjs.org/es-errors cache-miss
304 silly fetch manifest object-inspect@^1.13.3
305 silly packumentCache full:https://registry.npmjs.org/object-inspect cache-miss
306 silly fetch manifest side-channel-list@^1.0.0
307 silly packumentCache full:https://registry.npmjs.org/side-channel-list cache-miss
308 silly fetch manifest side-channel-map@^1.0.1
309 silly packumentCache full:https://registry.npmjs.org/side-channel-map cache-miss
310 silly fetch manifest side-channel-weakmap@^1.0.2
311 silly packumentCache full:https://registry.npmjs.org/side-channel-weakmap cache-miss
312 http fetch GET 200 https://registry.npmjs.org/side-channel-list 28ms (cache miss)
313 silly packumentCache full:https://registry.npmjs.org/side-channel-list set size:undefined disposed:false
314 http fetch GET 200 https://registry.npmjs.org/side-channel-map 35ms (cache miss)
315 silly packumentCache full:https://registry.npmjs.org/side-channel-map set size:undefined disposed:false
316 http fetch GET 200 https://registry.npmjs.org/es-errors 37ms (cache miss)
317 silly packumentCache full:https://registry.npmjs.org/es-errors set size:undefined disposed:false
318 http fetch GET 200 https://registry.npmjs.org/object-inspect 39ms (cache miss)
319 silly packumentCache full:https://registry.npmjs.org/object-inspect set size:undefined disposed:false
320 http fetch GET 200 https://registry.npmjs.org/side-channel-weakmap 42ms (cache miss)
321 silly packumentCache full:https://registry.npmjs.org/side-channel-weakmap set size:undefined disposed:false
322 silly placeDep ROOT unpipe@1.0.0 OK for: raw-body@3.0.2 want: ~1.0.0
323 silly placeDep ROOT is-promise@4.0.0 OK for: router@2.2.0 want: ^4.0.0
324 silly placeDep ROOT path-to-regexp@8.4.2 OK for: router@2.2.0 want: ^8.0.0
325 silly placeDep ROOT es-errors@1.3.0 OK for: side-channel@1.1.0 want: ^1.3.0
326 silly placeDep ROOT object-inspect@1.13.4 OK for: side-channel@1.1.0 want: ^1.13.3
327 silly placeDep ROOT side-channel-list@1.0.1 OK for: side-channel@1.1.0 want: ^1.0.0
328 silly placeDep ROOT side-channel-map@1.0.1 OK for: side-channel@1.1.0 want: ^1.0.1
329 silly placeDep ROOT side-channel-weakmap@1.0.2 OK for: side-channel@1.1.0 want: ^1.0.2
330 silly fetch manifest call-bound@^1.0.2
331 silly packumentCache full:https://registry.npmjs.org/call-bound cache-miss
332 silly fetch manifest get-intrinsic@^1.2.5
333 silly packumentCache full:https://registry.npmjs.org/get-intrinsic cache-miss
334 silly fetch manifest call-bound@^1.0.2
335 silly packumentCache full:https://registry.npmjs.org/call-bound cache-miss
336 silly fetch manifest get-intrinsic@^1.2.5
337 silly packumentCache full:https://registry.npmjs.org/get-intrinsic cache-miss
338 http fetch GET 200 https://registry.npmjs.org/call-bound 28ms (cache miss)
339 silly packumentCache full:https://registry.npmjs.org/call-bound set size:undefined disposed:false
340 http fetch GET 200 https://registry.npmjs.org/get-intrinsic 30ms (cache miss)
341 silly packumentCache full:https://registry.npmjs.org/get-intrinsic set size:undefined disposed:false
342 http fetch GET 200 https://registry.npmjs.org/call-bound 33ms (cache miss)
343 silly packumentCache full:https://registry.npmjs.org/call-bound set size:undefined disposed:false
344 http fetch GET 200 https://registry.npmjs.org/get-intrinsic 39ms (cache miss)
345 silly packumentCache full:https://registry.npmjs.org/get-intrinsic set size:undefined disposed:false
346 silly placeDep ROOT call-bound@1.0.4 OK for: side-channel-map@1.0.1 want: ^1.0.2
347 silly placeDep ROOT get-intrinsic@1.3.0 OK for: side-channel-map@1.0.1 want: ^1.2.5
348 silly fetch manifest call-bind-apply-helpers@^1.0.2
349 silly packumentCache full:https://registry.npmjs.org/call-bind-apply-helpers cache-miss
350 silly fetch manifest get-intrinsic@^1.3.0
351 silly packumentCache full:https://registry.npmjs.org/get-intrinsic cache-miss
352 silly fetch manifest gopd@^1.2.0
353 silly packumentCache full:https://registry.npmjs.org/gopd cache-miss
354 silly fetch manifest hasown@^2.0.2
355 silly packumentCache full:https://registry.npmjs.org/hasown cache-miss
356 silly fetch manifest get-proto@^1.0.1
357 silly packumentCache full:https://registry.npmjs.org/get-proto cache-miss
358 silly fetch manifest has-symbols@^1.1.0
359 silly packumentCache full:https://registry.npmjs.org/has-symbols cache-miss
360 silly fetch manifest function-bind@^1.1.2
361 silly packumentCache full:https://registry.npmjs.org/function-bind cache-miss
362 silly fetch manifest es-object-atoms@^1.1.1
363 silly packumentCache full:https://registry.npmjs.org/es-object-atoms cache-miss
364 silly fetch manifest math-intrinsics@^1.1.0
365 silly packumentCache full:https://registry.npmjs.org/math-intrinsics cache-miss
366 silly fetch manifest es-define-property@^1.0.1
367 silly packumentCache full:https://registry.npmjs.org/es-define-property cache-miss
368 silly fetch manifest call-bind-apply-helpers@^1.0.2
369 silly packumentCache full:https://registry.npmjs.org/call-bind-apply-helpers cache-miss
370 http cache https://registry.npmjs.org/get-intrinsic 11ms (cache hit)
371 silly packumentCache full:https://registry.npmjs.org/get-intrinsic set size:60985 disposed:false
372 http fetch GET 200 https://registry.npmjs.org/gopd 47ms (cache miss)
373 silly packumentCache full:https://registry.npmjs.org/gopd set size:undefined disposed:false
374 http fetch GET 200 https://registry.npmjs.org/es-object-atoms 51ms (cache miss)
375 silly packumentCache full:https://registry.npmjs.org/es-object-atoms set size:undefined disposed:false
376 http fetch GET 200 https://registry.npmjs.org/function-bind 55ms (cache miss)
377 silly packumentCache full:https://registry.npmjs.org/function-bind set size:undefined disposed:false
378 http fetch GET 200 https://registry.npmjs.org/hasown 57ms (cache miss)
379 silly packumentCache full:https://registry.npmjs.org/hasown set size:undefined disposed:false
380 http fetch GET 200 https://registry.npmjs.org/get-proto 58ms (cache miss)
381 silly packumentCache full:https://registry.npmjs.org/get-proto set size:undefined disposed:false
382 http fetch GET 200 https://registry.npmjs.org/math-intrinsics 59ms (cache miss)
383 silly packumentCache full:https://registry.npmjs.org/math-intrinsics set size:undefined disposed:false
384 http fetch GET 200 https://registry.npmjs.org/es-define-property 60ms (cache miss)
385 silly packumentCache full:https://registry.npmjs.org/es-define-property set size:undefined disposed:false
386 http fetch GET 200 https://registry.npmjs.org/call-bind-apply-helpers 62ms (cache miss)
387 silly packumentCache full:https://registry.npmjs.org/call-bind-apply-helpers set size:undefined disposed:false
388 http fetch GET 200 https://registry.npmjs.org/call-bind-apply-helpers 65ms (cache miss)
389 silly packumentCache full:https://registry.npmjs.org/call-bind-apply-helpers set size:undefined disposed:false
390 http fetch GET 200 https://registry.npmjs.org/has-symbols 65ms (cache miss)
391 silly packumentCache full:https://registry.npmjs.org/has-symbols set size:undefined disposed:false
392 silly placeDep ROOT call-bind-apply-helpers@1.0.2 OK for: call-bound@1.0.4 want: ^1.0.2
393 silly placeDep ROOT function-bind@1.1.2 OK for: call-bind-apply-helpers@1.0.2 want: ^1.1.2
394 silly placeDep ROOT es-define-property@1.0.1 OK for: get-intrinsic@1.3.0 want: ^1.0.1
395 silly placeDep ROOT es-object-atoms@1.1.1 OK for: get-intrinsic@1.3.0 want: ^1.1.1
396 silly placeDep ROOT get-proto@1.0.1 OK for: get-intrinsic@1.3.0 want: ^1.0.1
397 silly placeDep ROOT gopd@1.2.0 OK for: get-intrinsic@1.3.0 want: ^1.2.0
398 silly placeDep ROOT has-symbols@1.1.0 OK for: get-intrinsic@1.3.0 want: ^1.1.0
399 silly placeDep ROOT hasown@2.0.3 OK for: get-intrinsic@1.3.0 want: ^2.0.2
400 silly placeDep ROOT math-intrinsics@1.1.0 OK for: get-intrinsic@1.3.0 want: ^1.1.0
401 silly fetch manifest dunder-proto@^1.0.1
402 silly packumentCache full:https://registry.npmjs.org/dunder-proto cache-miss
403 http fetch GET 200 https://registry.npmjs.org/dunder-proto 32ms (cache miss)
404 silly packumentCache full:https://registry.npmjs.org/dunder-proto set size:undefined disposed:false
405 silly placeDep ROOT dunder-proto@1.0.1 OK for: get-proto@1.0.1 want: ^1.0.1
406 silly placeDep node_modules/socket.io accepts@1.3.8 OK for: socket.io@4.8.3 want: ~1.3.4
407 silly placeDep ROOT base64id@2.0.0 OK for: socket.io@4.8.3 want: ~2.0.0
408 silly placeDep ROOT cors@2.8.6 OK for: socket.io@4.8.3 want: ~2.8.5
409 silly placeDep ROOT engine.io@6.6.6 OK for: socket.io@4.8.3 want: ~6.6.0
410 silly placeDep ROOT socket.io-adapter@2.5.6 OK for: socket.io@4.8.3 want: ~2.5.2
411 silly placeDep ROOT socket.io-parser@4.2.6 OK for: socket.io@4.8.3 want: ~4.2.4
412 silly fetch manifest mime-types@~2.1.34
413 silly packumentCache full:https://registry.npmjs.org/mime-types cache-miss
414 silly fetch manifest negotiator@0.6.3
415 silly packumentCache full:https://registry.npmjs.org/negotiator cache-miss
416 silly fetch manifest object-assign@^4
417 silly packumentCache full:https://registry.npmjs.org/object-assign cache-miss
418 silly fetch manifest @types/cors@^2.8.12
419 silly packumentCache full:https://registry.npmjs.org/@types%2fcors cache-miss
420 silly fetch manifest @types/node@>=10.0.0
421 silly packumentCache full:https://registry.npmjs.org/@types%2fnode cache-miss
422 silly fetch manifest @types/ws@^8.5.12
423 silly packumentCache full:https://registry.npmjs.org/@types%2fws cache-miss
424 silly fetch manifest engine.io-parser@~5.2.1
425 silly packumentCache full:https://registry.npmjs.org/engine.io-parser cache-miss
426 silly fetch manifest ws@~8.18.3
427 silly packumentCache full:https://registry.npmjs.org/ws cache-miss
428 silly fetch manifest ws@~8.18.3
429 silly packumentCache full:https://registry.npmjs.org/ws cache-miss
430 silly fetch manifest @socket.io/component-emitter@~3.1.0
431 silly packumentCache full:https://registry.npmjs.org/@socket.io%2fcomponent-emitter cache-miss
432 http cache https://registry.npmjs.org/negotiator 13ms (cache hit)
433 silly packumentCache full:https://registry.npmjs.org/negotiator set size:48046 disposed:false
434 http cache https://registry.npmjs.org/mime-types 15ms (cache hit)
435 silly packumentCache full:https://registry.npmjs.org/mime-types set size:139110 disposed:false
436 http fetch GET 200 https://registry.npmjs.org/object-assign 31ms (cache miss)
437 silly packumentCache full:https://registry.npmjs.org/object-assign set size:undefined disposed:false
438 http fetch GET 200 https://registry.npmjs.org/engine.io-parser 38ms (cache miss)
439 silly packumentCache full:https://registry.npmjs.org/engine.io-parser set size:undefined disposed:false
440 http fetch GET 200 https://registry.npmjs.org/ws 43ms (cache miss)
441 silly packumentCache full:https://registry.npmjs.org/ws set size:undefined disposed:false
442 http fetch GET 200 https://registry.npmjs.org/@types%2fcors 74ms (cache miss)
443 silly packumentCache full:https://registry.npmjs.org/@types%2fcors set size:undefined disposed:false
444 http fetch GET 200 https://registry.npmjs.org/ws 76ms (cache miss)
445 silly packumentCache full:https://registry.npmjs.org/ws set size:undefined disposed:false
446 http fetch GET 200 https://registry.npmjs.org/@socket.io%2fcomponent-emitter 90ms (cache miss)
447 silly packumentCache full:https://registry.npmjs.org/@socket.io%2fcomponent-emitter set size:undefined disposed:false
448 http fetch GET 200 https://registry.npmjs.org/@types%2fws 93ms (cache miss)
449 silly packumentCache full:https://registry.npmjs.org/@types%2fws set size:undefined disposed:false
450 http fetch GET 200 https://registry.npmjs.org/@types%2fnode 232ms (cache miss)
451 silly packumentCache full:https://registry.npmjs.org/@types%2fnode set size:undefined disposed:false
452 silly placeDep ROOT object-assign@4.1.1 OK for: cors@2.8.6 want: ^4
453 silly fetch manifest bufferutil@^4.0.1
454 silly packumentCache full:https://registry.npmjs.org/bufferutil cache-miss
455 http fetch GET 200 https://registry.npmjs.org/bufferutil 36ms (cache miss)
456 silly packumentCache full:https://registry.npmjs.org/bufferutil set size:undefined disposed:false
457 silly fetch manifest utf-8-validate@>=5.0.2
458 silly packumentCache full:https://registry.npmjs.org/utf-8-validate cache-miss
459 http fetch GET 200 https://registry.npmjs.org/utf-8-validate 33ms (cache miss)
460 silly packumentCache full:https://registry.npmjs.org/utf-8-validate set size:undefined disposed:false
461 silly placeDep ROOT @types/cors@2.8.19 OK for: engine.io@6.6.6 want: ^2.8.12
462 silly placeDep ROOT @types/node@25.6.0 OK for: engine.io@6.6.6 want: >=10.0.0
463 silly placeDep ROOT @types/ws@8.18.1 OK for: engine.io@6.6.6 want: ^8.5.12
464 silly placeDep node_modules/engine.io accepts@1.3.8 OK for: engine.io@6.6.6 want: ~1.3.4
465 silly placeDep ROOT engine.io-parser@5.2.3 OK for: engine.io@6.6.6 want: ~5.2.1
466 silly placeDep ROOT ws@8.18.3 OK for: engine.io@6.6.6 want: ~8.18.3
467 silly fetch manifest @types/node@*
468 silly packumentCache full:https://registry.npmjs.org/@types%2fnode cache-miss
469 silly fetch manifest undici-types@~7.19.0
470 silly packumentCache full:https://registry.npmjs.org/undici-types cache-miss
471 http cache https://registry.npmjs.org/@types%2fnode 23ms (cache hit)
472 silly packumentCache full:https://registry.npmjs.org/@types%2fnode set size:10972342 disposed:false
473 http fetch GET 200 https://registry.npmjs.org/undici-types 94ms (cache miss)
474 silly packumentCache full:https://registry.npmjs.org/undici-types set size:undefined disposed:false
475 silly placeDep ROOT undici-types@7.19.2 OK for: @types/node@25.6.0 want: ~7.19.0
476 silly placeDep ROOT @socket.io/component-emitter@3.1.2 OK for: socket.io-parser@4.2.6 want: ~3.1.0
477 silly placeDep ROOT media-typer@1.1.0 OK for: type-is@2.0.1 want: ^1.1.0
478 silly placeDep node_modules/engine.io mime-types@2.1.35 OK for: accepts@1.3.8 want: ~2.1.34
479 silly placeDep node_modules/engine.io negotiator@0.6.3 OK for: accepts@1.3.8 want: 0.6.3
480 silly fetch manifest mime-db@1.52.0
481 silly packumentCache full:https://registry.npmjs.org/mime-db cache-miss
482 http cache https://registry.npmjs.org/mime-db 4ms (cache hit)
483 silly packumentCache full:https://registry.npmjs.org/mime-db set size:164953 disposed:false
484 silly placeDep node_modules/engine.io mime-db@1.52.0 OK for: mime-types@2.1.35 want: 1.52.0
485 silly placeDep node_modules/socket.io mime-types@2.1.35 OK for: accepts@1.3.8 want: ~2.1.34
486 silly placeDep node_modules/socket.io negotiator@0.6.3 OK for: accepts@1.3.8 want: 0.6.3
487 silly placeDep node_modules/socket.io mime-db@1.52.0 OK for: mime-types@2.1.35 want: 1.52.0
488 silly reify moves {}
489 silly audit bulk request {
489 silly audit   express: [ '5.2.1' ],
489 silly audit   'socket.io': [ '4.8.3' ],
489 silly audit   accepts: [ '2.0.0', '1.3.8' ],
489 silly audit   'body-parser': [ '2.2.2' ],
489 silly audit   'content-disposition': [ '1.1.0' ],
489 silly audit   'content-type': [ '1.0.5' ],
489 silly audit   cookie: [ '0.7.2' ],
489 silly audit   'cookie-signature': [ '1.2.2' ],
489 silly audit   debug: [ '4.4.3' ],
489 silly audit   depd: [ '2.0.0' ],
489 silly audit   encodeurl: [ '2.0.0' ],
489 silly audit   'escape-html': [ '1.0.3' ],
489 silly audit   etag: [ '1.8.1' ],
489 silly audit   finalhandler: [ '2.1.1' ],
489 silly audit   fresh: [ '2.0.0' ],
489 silly audit   'http-errors': [ '2.0.1' ],
489 silly audit   'merge-descriptors': [ '2.0.0' ],
489 silly audit   'mime-types': [ '3.0.2', '2.1.35' ],
489 silly audit   'on-finished': [ '2.4.1' ],
489 silly audit   once: [ '1.4.0' ],
489 silly audit   parseurl: [ '1.3.3' ],
489 silly audit   'proxy-addr': [ '2.0.7' ],
489 silly audit   qs: [ '6.15.1' ],
489 silly audit   'range-parser': [ '1.2.1' ],
489 silly audit   router: [ '2.2.0' ],
489 silly audit   send: [ '1.2.1' ],
489 silly audit   'serve-static': [ '2.2.1' ],
489 silly audit   statuses: [ '2.0.2' ],
489 silly audit   'type-is': [ '2.0.1' ],
489 silly audit   vary: [ '1.1.2' ],
489 silly audit   negotiator: [ '1.0.0', '0.6.3' ],
489 silly audit   bytes: [ '3.1.2' ],
489 silly audit   'iconv-lite': [ '0.7.2' ],
489 silly audit   'raw-body': [ '3.0.2' ],
489 silly audit   ms: [ '2.1.3' ],
489 silly audit   inherits: [ '2.0.4' ],
489 silly audit   setprototypeof: [ '1.2.0' ],
489 silly audit   toidentifier: [ '1.0.1' ],
489 silly audit   'safer-buffer': [ '2.1.2' ],
489 silly audit   'mime-db': [ '1.54.0', '1.52.0' ],
489 silly audit   'ee-first': [ '1.1.1' ],
489 silly audit   wrappy: [ '1.0.2' ],
489 silly audit   forwarded: [ '0.2.0' ],
489 silly audit   'ipaddr.js': [ '1.9.1' ],
489 silly audit   'side-channel': [ '1.1.0' ],
489 silly audit   unpipe: [ '1.0.0' ],
489 silly audit   'is-promise': [ '4.0.0' ],
489 silly audit   'path-to-regexp': [ '8.4.2' ],
489 silly audit   'es-errors': [ '1.3.0' ],
489 silly audit   'object-inspect': [ '1.13.4' ],
489 silly audit   'side-channel-list': [ '1.0.1' ],
489 silly audit   'side-channel-map': [ '1.0.1' ],
489 silly audit   'side-channel-weakmap': [ '1.0.2' ],
489 silly audit   'call-bound': [ '1.0.4' ],
489 silly audit   'get-intrinsic': [ '1.3.0' ],
489 silly audit   'call-bind-apply-helpers': [ '1.0.2' ],
489 silly audit   'function-bind': [ '1.1.2' ],
489 silly audit   'es-define-property': [ '1.0.1' ],
489 silly audit   'es-object-atoms': [ '1.1.1' ],
489 silly audit   'get-proto': [ '1.0.1' ],
489 silly audit   gopd: [ '1.2.0' ],
489 silly audit   'has-symbols': [ '1.1.0' ],
489 silly audit   hasown: [ '2.0.3' ],
489 silly audit   'math-intrinsics': [ '1.1.0' ],
489 silly audit   'dunder-proto': [ '1.0.1' ],
489 silly audit   base64id: [ '2.0.0' ],
489 silly audit   cors: [ '2.8.6' ],
489 silly audit   'engine.io': [ '6.6.6' ],
489 silly audit   'socket.io-adapter': [ '2.5.6' ],
489 silly audit   'socket.io-parser': [ '4.2.6' ],
489 silly audit   'object-assign': [ '4.1.1' ],
489 silly audit   '@types/cors': [ '2.8.19' ],
489 silly audit   '@types/node': [ '25.6.0' ],
489 silly audit   '@types/ws': [ '8.18.1' ],
489 silly audit   'engine.io-parser': [ '5.2.3' ],
489 silly audit   ws: [ '8.18.3' ],
489 silly audit   'undici-types': [ '7.19.2' ],
489 silly audit   '@socket.io/component-emitter': [ '3.1.2' ],
489 silly audit   'media-typer': [ '1.1.0' ]
489 silly audit }
490 http cache @socket.io/component-emitter@https://registry.npmjs.org/@socket.io/component-emitter/-/component-emitter-3.1.2.tgz 0ms (cache hit)
491 http cache media-typer@https://registry.npmjs.org/media-typer/-/media-typer-1.1.0.tgz 0ms (cache hit)
492 http cache @types/ws@https://registry.npmjs.org/@types/ws/-/ws-8.18.1.tgz 0ms (cache hit)
493 http cache undici-types@https://registry.npmjs.org/undici-types/-/undici-types-7.19.2.tgz 0ms (cache hit)
494 http cache ws@https://registry.npmjs.org/ws/-/ws-8.18.3.tgz 0ms (cache hit)
495 http cache engine.io-parser@https://registry.npmjs.org/engine.io-parser/-/engine.io-parser-5.2.3.tgz 0ms (cache hit)
496 http cache @types/node@https://registry.npmjs.org/@types/node/-/node-25.6.0.tgz 0ms (cache hit)
497 http cache @types/cors@https://registry.npmjs.org/@types/cors/-/cors-2.8.19.tgz 0ms (cache hit)
498 http cache object-assign@https://registry.npmjs.org/object-assign/-/object-assign-4.1.1.tgz 0ms (cache hit)
499 http cache socket.io-adapter@https://registry.npmjs.org/socket.io-adapter/-/socket.io-adapter-2.5.6.tgz 0ms (cache hit)
500 http cache socket.io-parser@https://registry.npmjs.org/socket.io-parser/-/socket.io-parser-4.2.6.tgz 0ms (cache hit)
501 http cache cors@https://registry.npmjs.org/cors/-/cors-2.8.6.tgz 0ms (cache hit)
502 http cache engine.io@https://registry.npmjs.org/engine.io/-/engine.io-6.6.6.tgz 0ms (cache hit)
503 http cache base64id@https://registry.npmjs.org/base64id/-/base64id-2.0.0.tgz 0ms (cache hit)
504 http cache dunder-proto@https://registry.npmjs.org/dunder-proto/-/dunder-proto-1.0.1.tgz 0ms (cache hit)
505 http cache math-intrinsics@https://registry.npmjs.org/math-intrinsics/-/math-intrinsics-1.1.0.tgz 0ms (cache hit)
506 http cache hasown@https://registry.npmjs.org/hasown/-/hasown-2.0.3.tgz 0ms (cache hit)
507 http cache has-symbols@https://registry.npmjs.org/has-symbols/-/has-symbols-1.1.0.tgz 0ms (cache hit)
508 http cache get-proto@https://registry.npmjs.org/get-proto/-/get-proto-1.0.1.tgz 0ms (cache hit)
509 http cache es-object-atoms@https://registry.npmjs.org/es-object-atoms/-/es-object-atoms-1.1.1.tgz 0ms (cache hit)
510 http cache gopd@https://registry.npmjs.org/gopd/-/gopd-1.2.0.tgz 0ms (cache hit)
511 http cache es-define-property@https://registry.npmjs.org/es-define-property/-/es-define-property-1.0.1.tgz 0ms (cache hit)
512 http cache function-bind@https://registry.npmjs.org/function-bind/-/function-bind-1.1.2.tgz 0ms (cache hit)
513 http cache get-intrinsic@https://registry.npmjs.org/get-intrinsic/-/get-intrinsic-1.3.0.tgz 0ms (cache hit)
514 http cache side-channel-weakmap@https://registry.npmjs.org/side-channel-weakmap/-/side-channel-weakmap-1.0.2.tgz 0ms (cache hit)
515 http cache call-bound@https://registry.npmjs.org/call-bound/-/call-bound-1.0.4.tgz 0ms (cache hit)
516 http cache side-channel-map@https://registry.npmjs.org/side-channel-map/-/side-channel-map-1.0.1.tgz 0ms (cache hit)
517 http cache side-channel-list@https://registry.npmjs.org/side-channel-list/-/side-channel-list-1.0.1.tgz 0ms (cache hit)
518 http cache call-bind-apply-helpers@https://registry.npmjs.org/call-bind-apply-helpers/-/call-bind-apply-helpers-1.0.2.tgz 1ms (cache hit)
519 http cache object-inspect@https://registry.npmjs.org/object-inspect/-/object-inspect-1.13.4.tgz 0ms (cache hit)
520 http cache es-errors@https://registry.npmjs.org/es-errors/-/es-errors-1.3.0.tgz 0ms (cache hit)
521 http cache is-promise@https://registry.npmjs.org/is-promise/-/is-promise-4.0.0.tgz 0ms (cache hit)
522 http cache path-to-regexp@https://registry.npmjs.org/path-to-regexp/-/path-to-regexp-8.4.2.tgz 0ms (cache hit)
523 http cache unpipe@https://registry.npmjs.org/unpipe/-/unpipe-1.0.0.tgz 0ms (cache hit)
524 http cache forwarded@https://registry.npmjs.org/forwarded/-/forwarded-0.2.0.tgz 0ms (cache hit)
525 http cache ipaddr.js@https://registry.npmjs.org/ipaddr.js/-/ipaddr.js-1.9.1.tgz 0ms (cache hit)
526 http cache side-channel@https://registry.npmjs.org/side-channel/-/side-channel-1.1.0.tgz 0ms (cache hit)
527 http cache wrappy@https://registry.npmjs.org/wrappy/-/wrappy-1.0.2.tgz 0ms (cache hit)
528 http cache ee-first@https://registry.npmjs.org/ee-first/-/ee-first-1.1.1.tgz 0ms (cache hit)
529 http cache mime-db@https://registry.npmjs.org/mime-db/-/mime-db-1.54.0.tgz 0ms (cache hit)
530 http cache safer-buffer@https://registry.npmjs.org/safer-buffer/-/safer-buffer-2.1.2.tgz 0ms (cache hit)
531 http cache setprototypeof@https://registry.npmjs.org/setprototypeof/-/setprototypeof-1.2.0.tgz 0ms (cache hit)
532 http cache inherits@https://registry.npmjs.org/inherits/-/inherits-2.0.4.tgz 0ms (cache hit)
533 http cache toidentifier@https://registry.npmjs.org/toidentifier/-/toidentifier-1.0.1.tgz 0ms (cache hit)
534 http cache ms@https://registry.npmjs.org/ms/-/ms-2.1.3.tgz 0ms (cache hit)
535 http cache iconv-lite@https://registry.npmjs.org/iconv-lite/-/iconv-lite-0.7.2.tgz 0ms (cache hit)
536 http cache negotiator@https://registry.npmjs.org/negotiator/-/negotiator-1.0.0.tgz 0ms (cache hit)
537 http cache bytes@https://registry.npmjs.org/bytes/-/bytes-3.1.2.tgz 0ms (cache hit)
538 http cache raw-body@https://registry.npmjs.org/raw-body/-/raw-body-3.0.2.tgz 0ms (cache hit)
539 http cache type-is@https://registry.npmjs.org/type-is/-/type-is-2.0.1.tgz 0ms (cache hit)
540 http cache vary@https://registry.npmjs.org/vary/-/vary-1.1.2.tgz 0ms (cache hit)
541 http cache statuses@https://registry.npmjs.org/statuses/-/statuses-2.0.2.tgz 0ms (cache hit)
542 http cache send@https://registry.npmjs.org/send/-/send-1.2.1.tgz 0ms (cache hit)
543 http cache router@https://registry.npmjs.org/router/-/router-2.2.0.tgz 0ms (cache hit)
544 http cache serve-static@https://registry.npmjs.org/serve-static/-/serve-static-2.2.1.tgz 0ms (cache hit)
545 http cache qs@https://registry.npmjs.org/qs/-/qs-6.15.1.tgz 0ms (cache hit)
546 http cache range-parser@https://registry.npmjs.org/range-parser/-/range-parser-1.2.1.tgz 0ms (cache hit)
547 http cache on-finished@https://registry.npmjs.org/on-finished/-/on-finished-2.4.1.tgz 0ms (cache hit)
548 http cache proxy-addr@https://registry.npmjs.org/proxy-addr/-/proxy-addr-2.0.7.tgz 0ms (cache hit)
549 http cache parseurl@https://registry.npmjs.org/parseurl/-/parseurl-1.3.3.tgz 0ms (cache hit)
550 http cache once@https://registry.npmjs.org/once/-/once-1.4.0.tgz 0ms (cache hit)
551 http cache mime-types@https://registry.npmjs.org/mime-types/-/mime-types-3.0.2.tgz 0ms (cache hit)
552 http cache merge-descriptors@https://registry.npmjs.org/merge-descriptors/-/merge-descriptors-2.0.0.tgz 0ms (cache hit)
553 http cache finalhandler@https://registry.npmjs.org/finalhandler/-/finalhandler-2.1.1.tgz 0ms (cache hit)
554 http cache fresh@https://registry.npmjs.org/fresh/-/fresh-2.0.0.tgz 0ms (cache hit)
555 http cache http-errors@https://registry.npmjs.org/http-errors/-/http-errors-2.0.1.tgz 0ms (cache hit)
556 http cache escape-html@https://registry.npmjs.org/escape-html/-/escape-html-1.0.3.tgz 0ms (cache hit)
557 http cache etag@https://registry.npmjs.org/etag/-/etag-1.8.1.tgz 0ms (cache hit)
558 http cache encodeurl@https://registry.npmjs.org/encodeurl/-/encodeurl-2.0.0.tgz 0ms (cache hit)
559 http cache debug@https://registry.npmjs.org/debug/-/debug-4.4.3.tgz 0ms (cache hit)
560 http cache depd@https://registry.npmjs.org/depd/-/depd-2.0.0.tgz 0ms (cache hit)
561 http cache cookie-signature@https://registry.npmjs.org/cookie-signature/-/cookie-signature-1.2.2.tgz 0ms (cache hit)
562 http cache content-type@https://registry.npmjs.org/content-type/-/content-type-1.0.5.tgz 0ms (cache hit)
563 http cache cookie@https://registry.npmjs.org/cookie/-/cookie-0.7.2.tgz 0ms (cache hit)
564 http cache accepts@https://registry.npmjs.org/accepts/-/accepts-2.0.0.tgz 0ms (cache hit)
565 http cache content-disposition@https://registry.npmjs.org/content-disposition/-/content-disposition-1.1.0.tgz 0ms (cache hit)
566 http cache body-parser@https://registry.npmjs.org/body-parser/-/body-parser-2.2.2.tgz 0ms (cache hit)
567 http cache socket.io@https://registry.npmjs.org/socket.io/-/socket.io-4.8.3.tgz 0ms (cache hit)
568 http cache mime-db@https://registry.npmjs.org/mime-db/-/mime-db-1.52.0.tgz 0ms (cache hit)
569 http cache mime-types@https://registry.npmjs.org/mime-types/-/mime-types-2.1.35.tgz 0ms (cache hit)
570 http cache negotiator@https://registry.npmjs.org/negotiator/-/negotiator-0.6.3.tgz 0ms (cache hit)
571 http cache accepts@https://registry.npmjs.org/accepts/-/accepts-1.3.8.tgz 0ms (cache hit)
572 http cache negotiator@https://registry.npmjs.org/negotiator/-/negotiator-0.6.3.tgz 0ms (cache hit)
573 http cache express@https://registry.npmjs.org/express/-/express-5.2.1.tgz 0ms (cache hit)
574 http cache mime-db@https://registry.npmjs.org/mime-db/-/mime-db-1.52.0.tgz 0ms (cache hit)
575 silly tarball no local data for @socket.io/component-emitter@https://registry.npmjs.org/@socket.io/component-emitter/-/component-emitter-3.1.2.tgz. Extracting by manifest.
576 silly tarball no local data for media-typer@https://registry.npmjs.org/media-typer/-/media-typer-1.1.0.tgz. Extracting by manifest.
577 silly tarball no local data for @types/ws@https://registry.npmjs.org/@types/ws/-/ws-8.18.1.tgz. Extracting by manifest.
578 silly tarball no local data for undici-types@https://registry.npmjs.org/undici-types/-/undici-types-7.19.2.tgz. Extracting by manifest.
579 silly tarball no local data for ws@https://registry.npmjs.org/ws/-/ws-8.18.3.tgz. Extracting by manifest.
580 silly tarball no local data for engine.io-parser@https://registry.npmjs.org/engine.io-parser/-/engine.io-parser-5.2.3.tgz. Extracting by manifest.
581 silly tarball no local data for @types/node@https://registry.npmjs.org/@types/node/-/node-25.6.0.tgz. Extracting by manifest.
582 http cache accepts@https://registry.npmjs.org/accepts/-/accepts-1.3.8.tgz 0ms (cache hit)
583 silly tarball no local data for @types/cors@https://registry.npmjs.org/@types/cors/-/cors-2.8.19.tgz. Extracting by manifest.
584 http cache mime-types@https://registry.npmjs.org/mime-types/-/mime-types-2.1.35.tgz 0ms (cache hit)
585 silly tarball no local data for object-assign@https://registry.npmjs.org/object-assign/-/object-assign-4.1.1.tgz. Extracting by manifest.
586 silly tarball no local data for socket.io-adapter@https://registry.npmjs.org/socket.io-adapter/-/socket.io-adapter-2.5.6.tgz. Extracting by manifest.
587 silly tarball no local data for socket.io-parser@https://registry.npmjs.org/socket.io-parser/-/socket.io-parser-4.2.6.tgz. Extracting by manifest.
588 silly tarball no local data for cors@https://registry.npmjs.org/cors/-/cors-2.8.6.tgz. Extracting by manifest.
589 silly tarball no local data for engine.io@https://registry.npmjs.org/engine.io/-/engine.io-6.6.6.tgz. Extracting by manifest.
590 silly tarball no local data for base64id@https://registry.npmjs.org/base64id/-/base64id-2.0.0.tgz. Extracting by manifest.
591 silly tarball no local data for dunder-proto@https://registry.npmjs.org/dunder-proto/-/dunder-proto-1.0.1.tgz. Extracting by manifest.
592 silly tarball no local data for math-intrinsics@https://registry.npmjs.org/math-intrinsics/-/math-intrinsics-1.1.0.tgz. Extracting by manifest.
593 silly tarball no local data for hasown@https://registry.npmjs.org/hasown/-/hasown-2.0.3.tgz. Extracting by manifest.
594 silly tarball no local data for has-symbols@https://registry.npmjs.org/has-symbols/-/has-symbols-1.1.0.tgz. Extracting by manifest.
595 silly tarball no local data for get-proto@https://registry.npmjs.org/get-proto/-/get-proto-1.0.1.tgz. Extracting by manifest.
596 silly tarball no local data for es-object-atoms@https://registry.npmjs.org/es-object-atoms/-/es-object-atoms-1.1.1.tgz. Extracting by manifest.
597 silly tarball no local data for gopd@https://registry.npmjs.org/gopd/-/gopd-1.2.0.tgz. Extracting by manifest.
598 silly tarball no local data for es-define-property@https://registry.npmjs.org/es-define-property/-/es-define-property-1.0.1.tgz. Extracting by manifest.
599 silly tarball no local data for function-bind@https://registry.npmjs.org/function-bind/-/function-bind-1.1.2.tgz. Extracting by manifest.
600 silly tarball no local data for get-intrinsic@https://registry.npmjs.org/get-intrinsic/-/get-intrinsic-1.3.0.tgz. Extracting by manifest.
601 silly tarball no local data for side-channel-weakmap@https://registry.npmjs.org/side-channel-weakmap/-/side-channel-weakmap-1.0.2.tgz. Extracting by manifest.
602 silly tarball no local data for call-bound@https://registry.npmjs.org/call-bound/-/call-bound-1.0.4.tgz. Extracting by manifest.
603 silly tarball no local data for side-channel-map@https://registry.npmjs.org/side-channel-map/-/side-channel-map-1.0.1.tgz. Extracting by manifest.
604 silly tarball no local data for side-channel-list@https://registry.npmjs.org/side-channel-list/-/side-channel-list-1.0.1.tgz. Extracting by manifest.
605 silly tarball no local data for call-bind-apply-helpers@https://registry.npmjs.org/call-bind-apply-helpers/-/call-bind-apply-helpers-1.0.2.tgz. Extracting by manifest.
606 silly tarball no local data for object-inspect@https://registry.npmjs.org/object-inspect/-/object-inspect-1.13.4.tgz. Extracting by manifest.
607 silly tarball no local data for es-errors@https://registry.npmjs.org/es-errors/-/es-errors-1.3.0.tgz. Extracting by manifest.
608 silly tarball no local data for is-promise@https://registry.npmjs.org/is-promise/-/is-promise-4.0.0.tgz. Extracting by manifest.
609 silly tarball no local data for path-to-regexp@https://registry.npmjs.org/path-to-regexp/-/path-to-regexp-8.4.2.tgz. Extracting by manifest.
610 silly tarball no local data for unpipe@https://registry.npmjs.org/unpipe/-/unpipe-1.0.0.tgz. Extracting by manifest.
611 silly tarball no local data for forwarded@https://registry.npmjs.org/forwarded/-/forwarded-0.2.0.tgz. Extracting by manifest.
612 silly tarball no local data for ipaddr.js@https://registry.npmjs.org/ipaddr.js/-/ipaddr.js-1.9.1.tgz. Extracting by manifest.
613 silly tarball no local data for side-channel@https://registry.npmjs.org/side-channel/-/side-channel-1.1.0.tgz. Extracting by manifest.
614 silly tarball no local data for wrappy@https://registry.npmjs.org/wrappy/-/wrappy-1.0.2.tgz. Extracting by manifest.
615 silly tarball no local data for ee-first@https://registry.npmjs.org/ee-first/-/ee-first-1.1.1.tgz. Extracting by manifest.
616 silly tarball no local data for mime-db@https://registry.npmjs.org/mime-db/-/mime-db-1.54.0.tgz. Extracting by manifest.
617 silly tarball no local data for safer-buffer@https://registry.npmjs.org/safer-buffer/-/safer-buffer-2.1.2.tgz. Extracting by manifest.
618 silly tarball no local data for setprototypeof@https://registry.npmjs.org/setprototypeof/-/setprototypeof-1.2.0.tgz. Extracting by manifest.
619 silly tarball no local data for inherits@https://registry.npmjs.org/inherits/-/inherits-2.0.4.tgz. Extracting by manifest.
620 silly tarball no local data for toidentifier@https://registry.npmjs.org/toidentifier/-/toidentifier-1.0.1.tgz. Extracting by manifest.
621 silly tarball no local data for ms@https://registry.npmjs.org/ms/-/ms-2.1.3.tgz. Extracting by manifest.
622 silly tarball no local data for iconv-lite@https://registry.npmjs.org/iconv-lite/-/iconv-lite-0.7.2.tgz. Extracting by manifest.
623 silly tarball no local data for negotiator@https://registry.npmjs.org/negotiator/-/negotiator-1.0.0.tgz. Extracting by manifest.
624 silly tarball no local data for bytes@https://registry.npmjs.org/bytes/-/bytes-3.1.2.tgz. Extracting by manifest.
625 silly tarball no local data for raw-body@https://registry.npmjs.org/raw-body/-/raw-body-3.0.2.tgz. Extracting by manifest.
626 silly tarball no local data for type-is@https://registry.npmjs.org/type-is/-/type-is-2.0.1.tgz. Extracting by manifest.
627 silly tarball no local data for vary@https://registry.npmjs.org/vary/-/vary-1.1.2.tgz. Extracting by manifest.
628 silly tarball no local data for statuses@https://registry.npmjs.org/statuses/-/statuses-2.0.2.tgz. Extracting by manifest.
629 silly tarball no local data for send@https://registry.npmjs.org/send/-/send-1.2.1.tgz. Extracting by manifest.
630 silly tarball no local data for router@https://registry.npmjs.org/router/-/router-2.2.0.tgz. Extracting by manifest.
631 silly tarball no local data for serve-static@https://registry.npmjs.org/serve-static/-/serve-static-2.2.1.tgz. Extracting by manifest.
632 silly tarball no local data for qs@https://registry.npmjs.org/qs/-/qs-6.15.1.tgz. Extracting by manifest.
633 silly tarball no local data for range-parser@https://registry.npmjs.org/range-parser/-/range-parser-1.2.1.tgz. Extracting by manifest.
634 silly tarball no local data for on-finished@https://registry.npmjs.org/on-finished/-/on-finished-2.4.1.tgz. Extracting by manifest.
635 silly tarball no local data for proxy-addr@https://registry.npmjs.org/proxy-addr/-/proxy-addr-2.0.7.tgz. Extracting by manifest.
636 silly tarball no local data for parseurl@https://registry.npmjs.org/parseurl/-/parseurl-1.3.3.tgz. Extracting by manifest.
637 silly tarball no local data for once@https://registry.npmjs.org/once/-/once-1.4.0.tgz. Extracting by manifest.
638 silly tarball no local data for mime-types@https://registry.npmjs.org/mime-types/-/mime-types-3.0.2.tgz. Extracting by manifest.
639 silly tarball no local data for merge-descriptors@https://registry.npmjs.org/merge-descriptors/-/merge-descriptors-2.0.0.tgz. Extracting by manifest.
640 silly tarball no local data for finalhandler@https://registry.npmjs.org/finalhandler/-/finalhandler-2.1.1.tgz. Extracting by manifest.
641 silly tarball no local data for fresh@https://registry.npmjs.org/fresh/-/fresh-2.0.0.tgz. Extracting by manifest.
642 silly tarball no local data for http-errors@https://registry.npmjs.org/http-errors/-/http-errors-2.0.1.tgz. Extracting by manifest.
643 silly tarball no local data for escape-html@https://registry.npmjs.org/escape-html/-/escape-html-1.0.3.tgz. Extracting by manifest.
644 silly tarball no local data for etag@https://registry.npmjs.org/etag/-/etag-1.8.1.tgz. Extracting by manifest.
645 silly tarball no local data for encodeurl@https://registry.npmjs.org/encodeurl/-/encodeurl-2.0.0.tgz. Extracting by manifest.
646 silly tarball no local data for debug@https://registry.npmjs.org/debug/-/debug-4.4.3.tgz. Extracting by manifest.
647 silly tarball no local data for depd@https://registry.npmjs.org/depd/-/depd-2.0.0.tgz. Extracting by manifest.
648 silly tarball no local data for cookie-signature@https://registry.npmjs.org/cookie-signature/-/cookie-signature-1.2.2.tgz. Extracting by manifest.
649 silly tarball no local data for content-type@https://registry.npmjs.org/content-type/-/content-type-1.0.5.tgz. Extracting by manifest.
650 silly tarball no local data for cookie@https://registry.npmjs.org/cookie/-/cookie-0.7.2.tgz. Extracting by manifest.
651 silly tarball no local data for accepts@https://registry.npmjs.org/accepts/-/accepts-2.0.0.tgz. Extracting by manifest.
652 silly tarball no local data for content-disposition@https://registry.npmjs.org/content-disposition/-/content-disposition-1.1.0.tgz. Extracting by manifest.
653 silly tarball no local data for body-parser@https://registry.npmjs.org/body-parser/-/body-parser-2.2.2.tgz. Extracting by manifest.
654 silly tarball no local data for socket.io@https://registry.npmjs.org/socket.io/-/socket.io-4.8.3.tgz. Extracting by manifest.
655 silly tarball no local data for mime-db@https://registry.npmjs.org/mime-db/-/mime-db-1.52.0.tgz. Extracting by manifest.
656 silly tarball no local data for mime-types@https://registry.npmjs.org/mime-types/-/mime-types-2.1.35.tgz. Extracting by manifest.
657 silly tarball no local data for negotiator@https://registry.npmjs.org/negotiator/-/negotiator-0.6.3.tgz. Extracting by manifest.
658 silly tarball no local data for accepts@https://registry.npmjs.org/accepts/-/accepts-1.3.8.tgz. Extracting by manifest.
659 silly tarball no local data for negotiator@https://registry.npmjs.org/negotiator/-/negotiator-0.6.3.tgz. Extracting by manifest.
660 silly tarball no local data for express@https://registry.npmjs.org/express/-/express-5.2.1.tgz. Extracting by manifest.
661 silly tarball no local data for mime-db@https://registry.npmjs.org/mime-db/-/mime-db-1.52.0.tgz. Extracting by manifest.
662 silly tarball no local data for accepts@https://registry.npmjs.org/accepts/-/accepts-1.3.8.tgz. Extracting by manifest.
663 silly tarball no local data for mime-types@https://registry.npmjs.org/mime-types/-/mime-types-2.1.35.tgz. Extracting by manifest.
664 http fetch POST 200 https://registry.npmjs.org/-/npm/v1/security/advisories/bulk 200ms
665 silly audit report {}
666 http fetch GET 200 https://registry.npmjs.org/@types/cors/-/cors-2.8.19.tgz 214ms (cache miss)
667 http fetch GET 200 https://registry.npmjs.org/socket.io-parser/-/socket.io-parser-4.2.6.tgz 225ms (cache miss)
668 http fetch GET 200 https://registry.npmjs.org/engine.io-parser/-/engine.io-parser-5.2.3.tgz 229ms (cache miss)
669 http fetch GET 200 https://registry.npmjs.org/media-typer/-/media-typer-1.1.0.tgz 233ms (cache miss)
670 http fetch GET 200 https://registry.npmjs.org/object-assign/-/object-assign-4.1.1.tgz 228ms (cache miss)
671 http fetch GET 200 https://registry.npmjs.org/base64id/-/base64id-2.0.0.tgz 237ms (cache miss)
672 http fetch GET 200 https://registry.npmjs.org/cors/-/cors-2.8.6.tgz 249ms (cache miss)
673 http fetch GET 200 https://registry.npmjs.org/es-object-atoms/-/es-object-atoms-1.1.1.tgz 291ms (cache miss)
674 http fetch GET 200 https://registry.npmjs.org/is-promise/-/is-promise-4.0.0.tgz 295ms (cache miss)
675 http fetch GET 200 https://registry.npmjs.org/side-channel-list/-/side-channel-list-1.0.1.tgz 298ms (cache miss)
676 http fetch GET 200 https://registry.npmjs.org/call-bound/-/call-bound-1.0.4.tgz 298ms (cache miss)
677 http fetch GET 200 https://registry.npmjs.org/forwarded/-/forwarded-0.2.0.tgz 307ms (cache miss)
678 http fetch GET 200 https://registry.npmjs.org/ms/-/ms-2.1.3.tgz 311ms (cache miss)
679 http fetch GET 200 https://registry.npmjs.org/wrappy/-/wrappy-1.0.2.tgz 315ms (cache miss)
680 http fetch GET 200 https://registry.npmjs.org/@types/ws/-/ws-8.18.1.tgz 343ms (cache miss)
681 http fetch GET 200 https://registry.npmjs.org/unpipe/-/unpipe-1.0.0.tgz 325ms (cache miss)
682 http fetch GET 200 https://registry.npmjs.org/toidentifier/-/toidentifier-1.0.1.tgz 327ms (cache miss)
683 http fetch GET 200 https://registry.npmjs.org/setprototypeof/-/setprototypeof-1.2.0.tgz 329ms (cache miss)
684 http fetch GET 200 https://registry.npmjs.org/ee-first/-/ee-first-1.1.1.tgz 335ms (cache miss)
685 http fetch GET 200 https://registry.npmjs.org/bytes/-/bytes-3.1.2.tgz 333ms (cache miss)
686 http fetch GET 200 https://registry.npmjs.org/inherits/-/inherits-2.0.4.tgz 340ms (cache miss)
687 http fetch GET 200 https://registry.npmjs.org/send/-/send-1.2.1.tgz 343ms (cache miss)
688 http fetch GET 200 https://registry.npmjs.org/once/-/once-1.4.0.tgz 341ms (cache miss)
689 http fetch GET 200 https://registry.npmjs.org/merge-descriptors/-/merge-descriptors-2.0.0.tgz 341ms (cache miss)
690 http fetch GET 200 https://registry.npmjs.org/raw-body/-/raw-body-3.0.2.tgz 352ms (cache miss)
691 http fetch GET 200 https://registry.npmjs.org/type-is/-/type-is-2.0.1.tgz 355ms (cache miss)
692 http fetch GET 200 https://registry.npmjs.org/range-parser/-/range-parser-1.2.1.tgz 353ms (cache miss)
693 http fetch GET 200 https://registry.npmjs.org/router/-/router-2.2.0.tgz 356ms (cache miss)
694 http fetch GET 200 https://registry.npmjs.org/on-finished/-/on-finished-2.4.1.tgz 355ms (cache miss)
695 http fetch GET 200 https://registry.npmjs.org/vary/-/vary-1.1.2.tgz 360ms (cache miss)
696 http fetch GET 200 https://registry.npmjs.org/serve-static/-/serve-static-2.2.1.tgz 359ms (cache miss)
697 http fetch GET 200 https://registry.npmjs.org/mime-types/-/mime-types-3.0.2.tgz 356ms (cache miss)
698 http fetch GET 200 https://registry.npmjs.org/encodeurl/-/encodeurl-2.0.0.tgz 354ms (cache miss)
699 http fetch GET 200 https://registry.npmjs.org/proxy-addr/-/proxy-addr-2.0.7.tgz 360ms (cache miss)
700 http fetch GET 200 https://registry.npmjs.org/accepts/-/accepts-2.0.0.tgz 354ms (cache miss)
701 http fetch GET 200 https://registry.npmjs.org/finalhandler/-/finalhandler-2.1.1.tgz 363ms (cache miss)
702 http fetch GET 200 https://registry.npmjs.org/parseurl/-/parseurl-1.3.3.tgz 365ms (cache miss)
703 http fetch GET 200 https://registry.npmjs.org/content-type/-/content-type-1.0.5.tgz 359ms (cache miss)
704 http fetch GET 200 https://registry.npmjs.org/accepts/-/accepts-1.3.8.tgz 357ms (cache miss)
705 http fetch GET 200 https://registry.npmjs.org/ipaddr.js/-/ipaddr.js-1.9.1.tgz 379ms (cache miss)
706 http fetch GET 200 https://registry.npmjs.org/http-errors/-/http-errors-2.0.1.tgz 367ms (cache miss)
707 http fetch GET 200 https://registry.npmjs.org/fresh/-/fresh-2.0.0.tgz 368ms (cache miss)
708 http fetch GET 200 https://registry.npmjs.org/etag/-/etag-1.8.1.tgz 367ms (cache miss)
709 http fetch GET 200 https://registry.npmjs.org/escape-html/-/escape-html-1.0.3.tgz 368ms (cache miss)
710 http fetch GET 200 https://registry.npmjs.org/cookie-signature/-/cookie-signature-1.2.2.tgz 366ms (cache miss)
711 http fetch GET 200 https://registry.npmjs.org/statuses/-/statuses-2.0.2.tgz 378ms (cache miss)
712 http fetch GET 200 https://registry.npmjs.org/content-disposition/-/content-disposition-1.1.0.tgz 369ms (cache miss)
713 http fetch GET 200 https://registry.npmjs.org/path-to-regexp/-/path-to-regexp-8.4.2.tgz 389ms (cache miss)
714 http fetch GET 200 https://registry.npmjs.org/cookie/-/cookie-0.7.2.tgz 372ms (cache miss)
715 http fetch GET 200 https://registry.npmjs.org/body-parser/-/body-parser-2.2.2.tgz 372ms (cache miss)
716 http fetch GET 200 https://registry.npmjs.org/hasown/-/hasown-2.0.3.tgz 405ms (cache miss)
717 http fetch GET 200 https://registry.npmjs.org/mime-types/-/mime-types-2.1.35.tgz 372ms (cache miss)
718 http fetch GET 200 https://registry.npmjs.org/safer-buffer/-/safer-buffer-2.1.2.tgz 396ms (cache miss)
719 http fetch GET 200 https://registry.npmjs.org/accepts/-/accepts-1.3.8.tgz 375ms (cache miss)
720 http fetch GET 200 https://registry.npmjs.org/mime-types/-/mime-types-2.1.35.tgz 382ms (cache miss)
721 http fetch GET 200 https://registry.npmjs.org/depd/-/depd-2.0.0.tgz 391ms (cache miss)
722 http fetch GET 200 https://registry.npmjs.org/mime-db/-/mime-db-1.54.0.tgz 407ms (cache miss)
723 http fetch GET 200 https://registry.npmjs.org/es-define-property/-/es-define-property-1.0.1.tgz 419ms (cache miss)
724 http fetch GET 200 https://registry.npmjs.org/get-intrinsic/-/get-intrinsic-1.3.0.tgz 424ms (cache miss)
725 http fetch GET 200 https://registry.npmjs.org/gopd/-/gopd-1.2.0.tgz 431ms (cache miss)
726 http fetch GET 200 https://registry.npmjs.org/debug/-/debug-4.4.3.tgz 411ms (cache miss)
727 http fetch GET 200 https://registry.npmjs.org/side-channel-weakmap/-/side-channel-weakmap-1.0.2.tgz 432ms (cache miss)
728 http fetch GET 200 https://registry.npmjs.org/side-channel-map/-/side-channel-map-1.0.1.tgz 431ms (cache miss)
729 http fetch GET 200 https://registry.npmjs.org/@socket.io/component-emitter/-/component-emitter-3.1.2.tgz 451ms (cache miss)
730 http fetch GET 200 https://registry.npmjs.org/negotiator/-/negotiator-1.0.0.tgz 425ms (cache miss)
731 http fetch GET 200 https://registry.npmjs.org/side-channel/-/side-channel-1.1.0.tgz 430ms (cache miss)
732 http fetch GET 200 https://registry.npmjs.org/mime-db/-/mime-db-1.52.0.tgz 412ms (cache miss)
733 http fetch GET 200 https://registry.npmjs.org/function-bind/-/function-bind-1.1.2.tgz 441ms (cache miss)
734 http fetch GET 200 https://registry.npmjs.org/mime-db/-/mime-db-1.52.0.tgz 415ms (cache miss)
735 http fetch GET 200 https://registry.npmjs.org/socket.io-adapter/-/socket.io-adapter-2.5.6.tgz 454ms (cache miss)
736 http fetch GET 200 https://registry.npmjs.org/negotiator/-/negotiator-0.6.3.tgz 420ms (cache miss)
737 http fetch GET 200 https://registry.npmjs.org/negotiator/-/negotiator-0.6.3.tgz 419ms (cache miss)
738 http fetch GET 200 https://registry.npmjs.org/get-proto/-/get-proto-1.0.1.tgz 450ms (cache miss)
739 http fetch GET 200 https://registry.npmjs.org/dunder-proto/-/dunder-proto-1.0.1.tgz 453ms (cache miss)
740 http fetch GET 200 https://registry.npmjs.org/express/-/express-5.2.1.tgz 429ms (cache miss)
741 http fetch GET 200 https://registry.npmjs.org/has-symbols/-/has-symbols-1.1.0.tgz 461ms (cache miss)
742 http fetch GET 200 https://registry.npmjs.org/call-bind-apply-helpers/-/call-bind-apply-helpers-1.0.2.tgz 466ms (cache miss)
743 http fetch GET 200 https://registry.npmjs.org/es-errors/-/es-errors-1.3.0.tgz 468ms (cache miss)
744 http fetch GET 200 https://registry.npmjs.org/ws/-/ws-8.18.3.tgz 499ms (cache miss)
745 http fetch GET 200 https://registry.npmjs.org/qs/-/qs-6.15.1.tgz 487ms (cache miss)
746 http fetch GET 200 https://registry.npmjs.org/math-intrinsics/-/math-intrinsics-1.1.0.tgz 517ms (cache miss)
747 http fetch GET 200 https://registry.npmjs.org/undici-types/-/undici-types-7.19.2.tgz 542ms (cache miss)
748 http fetch GET 200 https://registry.npmjs.org/object-inspect/-/object-inspect-1.13.4.tgz 529ms (cache miss)
749 http fetch GET 200 https://registry.npmjs.org/iconv-lite/-/iconv-lite-0.7.2.tgz 532ms (cache miss)
750 http fetch GET 200 https://registry.npmjs.org/engine.io/-/engine.io-6.6.6.tgz 560ms (cache miss)
751 http fetch GET 200 https://registry.npmjs.org/socket.io/-/socket.io-4.8.3.tgz 544ms (cache miss)
752 http fetch GET 200 https://registry.npmjs.org/@types/node/-/node-25.6.0.tgz 667ms (cache miss)
753 silly ADD node_modules/media-typer
754 silly ADD node_modules/@socket.io/component-emitter
755 silly ADD node_modules/undici-types
756 silly ADD node_modules/ws
757 silly ADD node_modules/engine.io-parser
758 silly ADD node_modules/@types/ws
759 silly ADD node_modules/@types/node
760 silly ADD node_modules/@types/cors
761 silly ADD node_modules/object-assign
762 silly ADD node_modules/socket.io-parser
763 silly ADD node_modules/socket.io-adapter
764 silly ADD node_modules/engine.io
765 silly ADD node_modules/engine.io/node_modules/mime-db
766 silly ADD node_modules/engine.io/node_modules/negotiator
767 silly ADD node_modules/engine.io/node_modules/mime-types
768 silly ADD node_modules/engine.io/node_modules/accepts
769 silly ADD node_modules/cors
770 silly ADD node_modules/base64id
771 silly ADD node_modules/dunder-proto
772 silly ADD node_modules/math-intrinsics
773 silly ADD node_modules/hasown
774 silly ADD node_modules/has-symbols
775 silly ADD node_modules/gopd
776 silly ADD node_modules/get-proto
777 silly ADD node_modules/es-object-atoms
778 silly ADD node_modules/es-define-property
779 silly ADD node_modules/function-bind
780 silly ADD node_modules/call-bind-apply-helpers
781 silly ADD node_modules/get-intrinsic
782 silly ADD node_modules/call-bound
783 silly ADD node_modules/side-channel-weakmap
784 silly ADD node_modules/side-channel-map
785 silly ADD node_modules/side-channel-list
786 silly ADD node_modules/object-inspect
787 silly ADD node_modules/es-errors
788 silly ADD node_modules/path-to-regexp
789 silly ADD node_modules/is-promise
790 silly ADD node_modules/unpipe
791 silly ADD node_modules/side-channel
792 silly ADD node_modules/ipaddr.js
793 silly ADD node_modules/forwarded
794 silly ADD node_modules/wrappy
795 silly ADD node_modules/ee-first
796 silly ADD node_modules/mime-db
797 silly ADD node_modules/safer-buffer
798 silly ADD node_modules/toidentifier
799 silly ADD node_modules/setprototypeof
800 silly ADD node_modules/inherits
801 silly ADD node_modules/ms
802 silly ADD node_modules/raw-body
803 silly ADD node_modules/iconv-lite
804 silly ADD node_modules/bytes
805 silly ADD node_modules/negotiator
806 silly ADD node_modules/vary
807 silly ADD node_modules/type-is
808 silly ADD node_modules/statuses
809 silly ADD node_modules/serve-static
810 silly ADD node_modules/send
811 silly ADD node_modules/router
812 silly ADD node_modules/range-parser
813 silly ADD node_modules/qs
814 silly ADD node_modules/proxy-addr
815 silly ADD node_modules/parseurl
816 silly ADD node_modules/once
817 silly ADD node_modules/on-finished
818 silly ADD node_modules/mime-types
819 silly ADD node_modules/merge-descriptors
820 silly ADD node_modules/http-errors
821 silly ADD node_modules/fresh
822 silly ADD node_modules/finalhandler
823 silly ADD node_modules/etag
824 silly ADD node_modules/escape-html
825 silly ADD node_modules/encodeurl
826 silly ADD node_modules/depd
827 silly ADD node_modules/debug
828 silly ADD node_modules/cookie-signature
829 silly ADD node_modules/cookie
830 silly ADD node_modules/content-type
831 silly ADD node_modules/content-disposition
832 silly ADD node_modules/body-parser
833 silly ADD node_modules/accepts
834 silly ADD node_modules/socket.io
835 silly ADD node_modules/socket.io/node_modules/mime-db
836 silly ADD node_modules/socket.io/node_modules/negotiator
837 silly ADD node_modules/socket.io/node_modules/mime-types
838 silly ADD node_modules/socket.io/node_modules/accepts
839 silly ADD node_modules/express
840 verbose cwd C:\Users\Alistair\Documents\VSCode\chess
841 verbose os Windows_NT 10.0.19045
842 verbose node v24.14.0
843 verbose npm  v11.9.0
844 notice
844 notice New minor version of npm available! 11.9.0 -> 11.13.0
844 notice Changelog: https://github.com/npm/cli/releases/tag/v11.13.0
844 notice To update run: npm install -g npm@11.13.0
844 notice  { force: true, Symbol(proc-log.meta): true }
845 verbose exit 0
846 info ok
